This is pdfTeX, Version 3.141592653-2.6-1.40.23 (TeX Live 2021) (preloaded format=pdflatex 2023.5.24)  25 MAY 2023 18:15
entering extended mode
 restricted \write18 enabled.
 %&-line parsing enabled.
**book-sample.tex
(./book-sample.tex
LaTeX2e <2021-11-15> patch level 1
L3 programming layer <2022-01-21> (./kaobook.cls
Document Class: kaobook 2021/08/23 v0.9.8 kaobook

! LaTeX Error: File `scrbook.cls' not found.

Type X to quit or <RETURN> to proceed,
or enter new name. (Default extension: cls)

Enter file name: 
! Emergency stop.
<read *> 
         
l.43 ^^M
        
*** (cannot \read from terminal in nonstop modes)

 
Here is how much of TeX's memory you used:
 44 strings out of 480142
 896 string characters out of 5890818
 285197 words of memory out of 5000000
 18097 multiletter control sequences out of 15000+600000
 469259 words of font info for 28 fonts, out of 8000000 for 9000
 59 hyphenation exceptions out of 8191
 34i,0n,50p,161b,17s stack positions out of 5000i,500n,10000p,200000b,80000s
!  ==> Fatal error occurred, no output PDF file produced!
