\BOOKMARK [0][-]{chapter*.2}{\376\377\0003\0000\000p\000t\000!\000P\000r\000\363\000l\000o\000g\000o\000\040\000\341\000\040\000e\000d\000i\000c\000i\000\363\000n\000\040\000a\000z\000u\000l\000F\000\040}{}% 1
\BOOKMARK [0][-]{chapter.1}{\376\377\000I\000n\000t\000r\000o\000d\000u\000c\000c\000i\000\363\000n}{}% 2
\BOOKMARK [1][-]{section.1.1}{\376\377\000A\000\040\000m\000\372\000s\000i\000c\000a\000:\000\040\000c\000o\000n\000c\000e\000p\000t\000o\000\040\000e\000\040\000o\000r\000i\000x\000e}{chapter.1}% 3
\BOOKMARK [2][-]{subsection.1.1.1}{\376\377\000R\000E\000F\000L\000E\000X\000I\000\323\000N\000S\000\040\000E\000\040\000P\000E\000R\000S\000P\000E\000C\000T\000I\000V\000A\000S}{section.1.1}% 4
\BOOKMARK [2][-]{subsection.1.1.2}{\376\377\000F\000O\000N\000T\000E\000S\000\040\000D\000E\000\040\000I\000N\000F\000O\000R\000M\000A\000C\000I\000\323\000N}{section.1.1}% 5
\BOOKMARK [2][-]{subsection.1.1.3}{\376\377\000O\000S\000\040\000P\000E\000R\000\315\000O\000D\000O\000S\000\040\000D\000A\000\040\000H\000I\000S\000T\000O\000R\000I\000A}{section.1.1}% 6
\BOOKMARK [2][-]{subsection.1.1.4}{\376\377\000A\000S\000\040\000O\000R\000I\000X\000E\000S\000\040\000D\000A\000\040\000M\000\332\000S\000I\000C\000A\000:\000\040\000P\000R\000E\000H\000I\000S\000T\000O\000R\000I\000A\000\040\000M\000U\000S\000I\000C\000A\000L}{section.1.1}% 7
\BOOKMARK [1][-]{section.1.2}{\376\377\000O\000s\000\040\000e\000l\000e\000m\000e\000n\000t\000o\000s\000\040\000d\000a\000\040\000m\000\372\000s\000i\000c\000a}{chapter.1}% 8
\BOOKMARK [1][-]{section.1.3}{\376\377\000I\000n\000t\000r\000o\000d\000u\000c\000c\000i\000\363\000n}{chapter.1}% 9
\BOOKMARK [1][-]{section.1.4}{\376\377\000E\000j\000e\000r\000c\000i\000c\000i\000o\000s\000\040\000d\000o\000\040\000t\000e\000m\000a}{chapter.1}% 10
\BOOKMARK [0][-]{chapter.2}{\376\377\000T\000e\000m\000a\000\040\0002}{}% 11
\BOOKMARK [1][-]{section.2.1}{\376\377\000X\000\351\000n\000e\000r\000o\000s}{chapter.2}% 12
\BOOKMARK [2][-]{subsection.2.1.1}{\376\377\000M\000\372\000s\000i\000c\000a\000\040\000p\000r\000o\000f\000a\000n\000a\000\040\000/\000\040\000m\000\372\000s\000i\000c\000a\000\040\000r\000e\000l\000i\000x\000i\000o\000s\000a}{section.2.1}% 13
\BOOKMARK [2][-]{subsection.2.1.2}{\376\377\000M\000\372\000s\000i\000c\000a\000\040\000p\000\372\000b\000l\000i\000c\000a\000\040\000/\000\040\000m\000\372\000s\000i\000c\000a\000\040\000p\000r\000i\000v\000a\000d\000a}{section.2.1}% 14
\BOOKMARK [2][-]{subsection.2.1.3}{\376\377\000M\000\372\000s\000i\000c\000a\000\040\000v\000o\000c\000a\000l\000\040\000/\000\040\000m\000\372\000s\000i\000c\000a\000\040\000i\000n\000s\000t\000r\000u\000m\000e\000n\000t\000a\000l}{section.2.1}% 15
\BOOKMARK [2][-]{subsection.2.1.4}{\376\377\000M\000\372\000s\000i\000c\000a\000\040\000s\000i\000n\000f\000\363\000n\000i\000c\000a\000\040\000/\000\040\000m\000\372\000s\000i\000c\000a\000\040\000d\000e\000\040\000c\000\341\000m\000a\000r\000a}{section.2.1}% 16
\BOOKMARK [0][-]{chapter.3}{\376\377\000T\000e\000m\000a\000\040\0003}{}% 17
\BOOKMARK [0][-]{chapter.4}{\376\377\000T\000e\000m\000a\000\040\0004}{}% 18
\BOOKMARK [0][-]{chapter.5}{\376\377\000T\000e\000m\000a\000\040\0005}{}% 19
\BOOKMARK [0][-]{chapter.6}{\376\377\000T\000e\000m\000a\000\040\0006}{}% 20
\BOOKMARK [0][-]{chapter.7}{\376\377\000T\000e\000m\000a\000\040\0007}{}% 21
\BOOKMARK [0][-]{chapter.8}{\376\377\000T\000e\000m\000a\000\040\0008}{}% 22
\BOOKMARK [0][-]{chapter.9}{\376\377\000T\000e\000m\000a\000\040\0009}{}% 23
\BOOKMARK [0][-]{chapter.10}{\376\377\000T\000e\000m\000a\000\040\0001\0000}{}% 24
\BOOKMARK [0][-]{chapter.10}{\376\377\0003\0000\000p\000t\000!\000B\000i\000b\000l\000i\000o\000g\000r\000a\000f\000\355\000a\000\040\000a\000z\000u\000l\000F}{}% 25
